{
  "defectsList" : [ {
    "title" : "Product defects",
    "status" : "FAILED",
    "defects" : [ {
      "uid" : "11e7119dc4a0c9fb",
      "failure" : {
        "message" : "AssertionError: \nExpected: \"Список всех кас\"\n     but: was \"Список всех касс\"",
        "stackTrace" : "java.lang.AssertionError: \nExpected: \"Список всех кас\"\n     but: was \"Список всех касс\"\n\tat org.hamcrest.MatcherAssert.assertThat(MatcherAssert.java:18)\n\tat org.hamcrest.MatcherAssert.assertThat(MatcherAssert.java:6)\n\tat ru.stqa.pft.testOfg.appmanager.NavigationHelper.authAccountManager(NavigationHelper.java:1997)\n\tat ru.stqa.pft.testOfg.tests.accountManager.authorization.Front117AuthorizationAccountManager.testAuthAccountManager(Front117AuthorizationAccountManager.java:14)\n\tat sun.reflect.NativeMethodAccessorImpl.invoke0(Native Method)\n\tat sun.reflect.NativeMethodAccessorImpl.invoke(NativeMethodAccessorImpl.java:62)\n\tat sun.reflect.DelegatingMethodAccessorImpl.invoke(DelegatingMethodAccessorImpl.java:43)\n\tat java.lang.reflect.Method.invoke(Method.java:498)\n\tat org.testng.internal.MethodInvocationHelper.invokeMethod(MethodInvocationHelper.java:108)\n\tat org.testng.internal.Invoker.invokeMethod(Invoker.java:661)\n\tat org.testng.internal.Invoker.invokeTestMethod(Invoker.java:869)\n\tat org.testng.internal.Invoker.invokeTestMethods(Invoker.java:1193)\n\tat org.testng.internal.TestMethodWorker.invokeTestMethods(TestMethodWorker.java:126)\n\tat org.testng.internal.TestMethodWorker.run(TestMethodWorker.java:109)\n\tat org.testng.TestRunner.privateRun(TestRunner.java:744)\n\tat org.testng.TestRunner.run(TestRunner.java:602)\n\tat org.testng.SuiteRunner.runTest(SuiteRunner.java:380)\n\tat org.testng.SuiteRunner.runSequentially(SuiteRunner.java:375)\n\tat org.testng.SuiteRunner.privateRun(SuiteRunner.java:340)\n\tat org.testng.SuiteRunner.run(SuiteRunner.java:289)\n\tat org.testng.SuiteRunnerWorker.runSuite(SuiteRunnerWorker.java:52)\n\tat org.testng.SuiteRunnerWorker.run(SuiteRunnerWorker.java:86)\n\tat org.testng.TestNG.runSuitesSequentially(TestNG.java:1301)\n\tat org.testng.TestNG.runSuitesLocally(TestNG.java:1226)\n\tat org.testng.TestNG.runSuites(TestNG.java:1144)\n\tat org.testng.TestNG.run(TestNG.java:1115)\n\tat org.gradle.api.internal.tasks.testing.testng.TestNGTestClassProcessor.runTests(TestNGTestClassProcessor.java:129)\n\tat org.gradle.api.internal.tasks.testing.testng.TestNGTestClassProcessor.stop(TestNGTestClassProcessor.java:88)\n\tat org.gradle.api.internal.tasks.testing.SuiteTestClassProcessor.stop(SuiteTestClassProcessor.java:61)\n\tat sun.reflect.NativeMethodAccessorImpl.invoke0(Native Method)\n\tat sun.reflect.NativeMethodAccessorImpl.invoke(NativeMethodAccessorImpl.java:62)\n\tat sun.reflect.DelegatingMethodAccessorImpl.invoke(DelegatingMethodAccessorImpl.java:43)\n\tat java.lang.reflect.Method.invoke(Method.java:498)\n\tat org.gradle.internal.dispatch.ReflectionDispatch.dispatch(ReflectionDispatch.java:35)\n\tat org.gradle.internal.dispatch.ReflectionDispatch.dispatch(ReflectionDispatch.java:24)\n\tat org.gradle.internal.dispatch.ContextClassLoaderDispatch.dispatch(ContextClassLoaderDispatch.java:32)\n\tat org.gradle.internal.dispatch.ProxyDispatchAdapter$DispatchingInvocationHandler.invoke(ProxyDispatchAdapter.java:93)\n\tat com.sun.proxy.$Proxy2.stop(Unknown Source)\n\tat org.gradle.api.internal.tasks.testing.worker.TestWorker.stop(TestWorker.java:120)\n\tat sun.reflect.NativeMethodAccessorImpl.invoke0(Native Method)\n\tat sun.reflect.NativeMethodAccessorImpl.invoke(NativeMethodAccessorImpl.java:62)\n\tat sun.reflect.DelegatingMethodAccessorImpl.invoke(DelegatingMethodAccessorImpl.java:43)\n\tat java.lang.reflect.Method.invoke(Method.java:498)\n\tat org.gradle.internal.dispatch.ReflectionDispatch.dispatch(ReflectionDispatch.java:35)\n\tat org.gradle.internal.dispatch.ReflectionDispatch.dispatch(ReflectionDispatch.java:24)\n\tat org.gradle.internal.remote.internal.hub.MessageHubBackedObjectConnection$DispatchWrapper.dispatch(MessageHubBackedObjectConnection.java:147)\n\tat org.gradle.internal.remote.internal.hub.MessageHubBackedObjectConnection$DispatchWrapper.dispatch(MessageHubBackedObjectConnection.java:129)\n\tat org.gradle.internal.remote.internal.hub.MessageHub$Handler.run(MessageHub.java:404)\n\tat org.gradle.internal.concurrent.ExecutorPolicy$CatchAndRecordFailures.onExecute(ExecutorPolicy.java:63)\n\tat org.gradle.internal.concurrent.StoppableExecutorImpl$1.run(StoppableExecutorImpl.java:46)\n\tat java.util.concurrent.ThreadPoolExecutor.runWorker(ThreadPoolExecutor.java:1142)\n\tat java.util.concurrent.ThreadPoolExecutor$Worker.run(ThreadPoolExecutor.java:617)\n\tat java.lang.Thread.run(Thread.java:748)\n"
      },
      "testCases" : [ {
        "uid" : "b78fba1898efed8c",
        "name" : "testAuthAccountManager",
        "title" : "Test auth account manager",
        "time" : {
          "start" : 1499437202814,
          "stop" : 1499437217992,
          "duration" : 15178
        },
        "severity" : "NORMAL",
        "status" : "FAILED"
      }, {
        "uid" : "181156e9a116ac75",
        "name" : "testAuthAccountManager",
        "title" : "Test auth account manager",
        "time" : {
          "start" : 1499434959328,
          "stop" : 1499434972375,
          "duration" : 13047
        },
        "severity" : "NORMAL",
        "status" : "FAILED"
      } ]
    }, {
      "uid" : "9a867166da16ac85",
      "failure" : {
        "message" : "AssertionError: \nExpected: \"Список всех касc\"\n     but: was \"Список всех касс\"",
        "stackTrace" : "java.lang.AssertionError: \nExpected: \"Список всех касc\"\n     but: was \"Список всех касс\"\n\tat org.hamcrest.MatcherAssert.assertThat(MatcherAssert.java:18)\n\tat org.hamcrest.MatcherAssert.assertThat(MatcherAssert.java:6)\n\tat ru.stqa.pft.testOfg.appmanager.NavigationHelper.authAccountManager(NavigationHelper.java:1997)\n\tat ru.stqa.pft.testOfg.tests.accountManager.authorization.Front117AuthorizationAccountManager.testAuthAccountManager(Front117AuthorizationAccountManager.java:14)\n\tat sun.reflect.NativeMethodAccessorImpl.invoke0(Native Method)\n\tat sun.reflect.NativeMethodAccessorImpl.invoke(NativeMethodAccessorImpl.java:62)\n\tat sun.reflect.DelegatingMethodAccessorImpl.invoke(DelegatingMethodAccessorImpl.java:43)\n\tat java.lang.reflect.Method.invoke(Method.java:498)\n\tat org.testng.internal.MethodInvocationHelper.invokeMethod(MethodInvocationHelper.java:108)\n\tat org.testng.internal.Invoker.invokeMethod(Invoker.java:661)\n\tat org.testng.internal.Invoker.invokeTestMethod(Invoker.java:869)\n\tat org.testng.internal.Invoker.invokeTestMethods(Invoker.java:1193)\n\tat org.testng.internal.TestMethodWorker.invokeTestMethods(TestMethodWorker.java:126)\n\tat org.testng.internal.TestMethodWorker.run(TestMethodWorker.java:109)\n\tat org.testng.TestRunner.privateRun(TestRunner.java:744)\n\tat org.testng.TestRunner.run(TestRunner.java:602)\n\tat org.testng.SuiteRunner.runTest(SuiteRunner.java:380)\n\tat org.testng.SuiteRunner.runSequentially(SuiteRunner.java:375)\n\tat org.testng.SuiteRunner.privateRun(SuiteRunner.java:340)\n\tat org.testng.SuiteRunner.run(SuiteRunner.java:289)\n\tat org.testng.SuiteRunnerWorker.runSuite(SuiteRunnerWorker.java:52)\n\tat org.testng.SuiteRunnerWorker.run(SuiteRunnerWorker.java:86)\n\tat org.testng.TestNG.runSuitesSequentially(TestNG.java:1301)\n\tat org.testng.TestNG.runSuitesLocally(TestNG.java:1226)\n\tat org.testng.TestNG.runSuites(TestNG.java:1144)\n\tat org.testng.TestNG.run(TestNG.java:1115)\n\tat org.gradle.api.internal.tasks.testing.testng.TestNGTestClassProcessor.runTests(TestNGTestClassProcessor.java:129)\n\tat org.gradle.api.internal.tasks.testing.testng.TestNGTestClassProcessor.stop(TestNGTestClassProcessor.java:88)\n\tat org.gradle.api.internal.tasks.testing.SuiteTestClassProcessor.stop(SuiteTestClassProcessor.java:61)\n\tat sun.reflect.NativeMethodAccessorImpl.invoke0(Native Method)\n\tat sun.reflect.NativeMethodAccessorImpl.invoke(NativeMethodAccessorImpl.java:62)\n\tat sun.reflect.DelegatingMethodAccessorImpl.invoke(DelegatingMethodAccessorImpl.java:43)\n\tat java.lang.reflect.Method.invoke(Method.java:498)\n\tat org.gradle.internal.dispatch.ReflectionDispatch.dispatch(ReflectionDispatch.java:35)\n\tat org.gradle.internal.dispatch.ReflectionDispatch.dispatch(ReflectionDispatch.java:24)\n\tat org.gradle.internal.dispatch.ContextClassLoaderDispatch.dispatch(ContextClassLoaderDispatch.java:32)\n\tat org.gradle.internal.dispatch.ProxyDispatchAdapter$DispatchingInvocationHandler.invoke(ProxyDispatchAdapter.java:93)\n\tat com.sun.proxy.$Proxy2.stop(Unknown Source)\n\tat org.gradle.api.internal.tasks.testing.worker.TestWorker.stop(TestWorker.java:120)\n\tat sun.reflect.NativeMethodAccessorImpl.invoke0(Native Method)\n\tat sun.reflect.NativeMethodAccessorImpl.invoke(NativeMethodAccessorImpl.java:62)\n\tat sun.reflect.DelegatingMethodAccessorImpl.invoke(DelegatingMethodAccessorImpl.java:43)\n\tat java.lang.reflect.Method.invoke(Method.java:498)\n\tat org.gradle.internal.dispatch.ReflectionDispatch.dispatch(ReflectionDispatch.java:35)\n\tat org.gradle.internal.dispatch.ReflectionDispatch.dispatch(ReflectionDispatch.java:24)\n\tat org.gradle.internal.remote.internal.hub.MessageHubBackedObjectConnection$DispatchWrapper.dispatch(MessageHubBackedObjectConnection.java:147)\n\tat org.gradle.internal.remote.internal.hub.MessageHubBackedObjectConnection$DispatchWrapper.dispatch(MessageHubBackedObjectConnection.java:129)\n\tat org.gradle.internal.remote.internal.hub.MessageHub$Handler.run(MessageHub.java:404)\n\tat org.gradle.internal.concurrent.ExecutorPolicy$CatchAndRecordFailures.onExecute(ExecutorPolicy.java:63)\n\tat org.gradle.internal.concurrent.StoppableExecutorImpl$1.run(StoppableExecutorImpl.java:46)\n\tat java.util.concurrent.ThreadPoolExecutor.runWorker(ThreadPoolExecutor.java:1142)\n\tat java.util.concurrent.ThreadPoolExecutor$Worker.run(ThreadPoolExecutor.java:617)\n\tat java.lang.Thread.run(Thread.java:748)\n"
      },
      "testCases" : [ {
        "uid" : "3be954495eeb4651",
        "name" : "testAuthAccountManager",
        "title" : "Test auth account manager",
        "time" : {
          "start" : 1499437854684,
          "stop" : 1499437869597,
          "duration" : 14913
        },
        "severity" : "NORMAL",
        "status" : "FAILED"
      } ]
    } ]
  }, {
    "title" : "Test defects",
    "status" : "BROKEN",
    "defects" : [ ]
  } ]
}